<?xml version="1.0" encoding="UTF-8"?>
<testng-results ignored="0" total="1" passed="1" failed="0" skipped="0">
  <reporter-output>
  </reporter-output>
  <suite started-at="2024-02-14T00:08:40 IST" name="Default suite" finished-at="2024-02-14T00:09:04 IST" duration-ms="23863">
    <groups>
    </groups>
    <test started-at="2024-02-14T00:08:40 IST" name="Default test" finished-at="2024-02-14T00:09:04 IST" duration-ms="23863">
      <class name="com.vedha.application.Naukariii">
        <test-method is-config="true" signature="browserLaunch()[pri:0, instance:com.vedha.application.Naukariii@7722c3c3]" started-at="2024-02-14T00:08:40 IST" name="browserLaunch" finished-at="2024-02-14T00:09:00 IST" duration-ms="20041" status="PASS">
          <reporter-output>
          </reporter-output>
        </test-method> <!-- browserLaunch -->
        <test-method signature="loginn()[pri:0, instance:com.vedha.application.Naukariii@7722c3c3]" started-at="2024-02-14T00:09:00 IST" name="loginn" finished-at="2024-02-14T00:09:04 IST" duration-ms="3620" status="PASS">
          <reporter-output>
          </reporter-output>
        </test-method> <!-- loginn -->
      </class> <!-- com.vedha.application.Naukariii -->
    </test> <!-- Default test -->
  </suite> <!-- Default suite -->
</testng-results>
